<?xml version="1.0" encoding="UTF-8"?>
<!-- Generated by org.testng.reporters.JUnitReportReporter -->
<testsuite hostname="LAPTOP-GVEDGFBQ" failures="0" tests="1" name="Pratice.work_space" time="7.082" errors="0" timestamp="2024-07-01T11:32:49 IST" skipped="0">
  <testcase classname="Pratice.work_space" name="Drop" time="7.082"/>
</testsuite> <!-- Pratice.work_space -->
