<?xml version="1.0" encoding="UTF-8"?>
<!-- Generated by org.testng.reporters.JUnitReportReporter -->
<testsuite hostname="LAPTOP-GVEDGFBQ" failures="0" tests="1" name="AminTest.NewTest" time="18.252" errors="0" timestamp="2024-06-24T16:35:52 IST" skipped="0">
  <testcase classname="AminTest.NewTest" name="TC_001" time="18.252"/>
</testsuite> <!-- AminTest.NewTest -->
